<?xml version="1.0" encoding="UTF-8"?>
<testsuite xmlns:xsi="http://www.w3.org/2001/XMLSchema-instance" xsi:noNamespaceSchemaLocation="https://maven.apache.org/surefire/maven-surefire-plugin/xsd/surefire-test-report-3.0.xsd" version="3.0" name="edu.yu.da.FindMinyanTest" time="0.086" tests="28" errors="0" skipped="0" failures="0">
  <properties>
    <property name="sun.desktop" value="windows"/>
    <property name="awt.toolkit" value="sun.awt.windows.WToolkit"/>
    <property name="java.specification.version" value="11"/>
    <property name="sun.cpu.isalist" value="amd64"/>
    <property name="sun.jnu.encoding" value="Cp1252"/>
    <property name="java.class.path" value="C:\Users\eohay\OneDrive\College Work\Git Stuffs\Ohayon_Elad_9042333899\DesignAndAnalysis\assignments\FindMinyan\target\test-classes;C:\Users\eohay\OneDrive\College Work\Git Stuffs\Ohayon_Elad_9042333899\DesignAndAnalysis\assignments\FindMinyan\target\classes;C:\Users\eohay\.m2\repository\org\junit\jupiter\junit-jupiter-api\5.8.1\junit-jupiter-api-5.8.1.jar;C:\Users\eohay\.m2\repository\org\opentest4j\opentest4j\1.2.0\opentest4j-1.2.0.jar;C:\Users\eohay\.m2\repository\org\junit\platform\junit-platform-commons\1.8.1\junit-platform-commons-1.8.1.jar;C:\Users\eohay\.m2\repository\org\apiguardian\apiguardian-api\1.1.2\apiguardian-api-1.1.2.jar;C:\Users\eohay\.m2\repository\org\junit\jupiter\junit-jupiter-engine\5.8.1\junit-jupiter-engine-5.8.1.jar;C:\Users\eohay\.m2\repository\org\junit\platform\junit-platform-engine\1.8.1\junit-platform-engine-1.8.1.jar;C:\Users\eohay\.m2\repository\junit\junit\4.13\junit-4.13.jar;C:\Users\eohay\.m2\repository\org\hamcrest\hamcrest-core\1.3\hamcrest-core-1.3.jar;C:\Users\eohay\.m2\repository\org\junit\vintage\junit-vintage-engine\5.8.1\junit-vintage-engine-5.8.1.jar;C:\Users\eohay\.m2\repository\org\junit\jupiter\junit-jupiter-params\5.8.1\junit-jupiter-params-5.8.1.jar;C:\Users\eohay\.m2\repository\org\apache\maven\plugins\maven-surefire-plugin\3.0.0-M5\maven-surefire-plugin-3.0.0-M5.jar;C:\Users\eohay\.m2\repository\org\apache\maven\surefire\maven-surefire-common\3.0.0-M5\maven-surefire-common-3.0.0-M5.jar;C:\Users\eohay\.m2\repository\org\apache\maven\surefire\surefire-api\3.0.0-M5\surefire-api-3.0.0-M5.jar;C:\Users\eohay\.m2\repository\org\apache\maven\surefire\surefire-logger-api\3.0.0-M5\surefire-logger-api-3.0.0-M5.jar;C:\Users\eohay\.m2\repository\org\apache\maven\surefire\surefire-extensions-api\3.0.0-M5\surefire-extensions-api-3.0.0-M5.jar;C:\Users\eohay\.m2\repository\org\apache\maven\surefire\surefire-booter\3.0.0-M5\surefire-booter-3.0.0-M5.jar;C:\Users\eohay\.m2\repository\org\apache\maven\surefire\surefire-extensions-spi\3.0.0-M5\surefire-extensions-spi-3.0.0-M5.jar;C:\Users\eohay\.m2\repository\org\apache\maven\maven-toolchain\3.0-alpha-2\maven-toolchain-3.0-alpha-2.jar;C:\Users\eohay\.m2\repository\org\apache\maven\shared\maven-artifact-transfer\0.11.0\maven-artifact-transfer-0.11.0.jar;C:\Users\eohay\.m2\repository\org\apache\maven\shared\maven-common-artifact-filters\3.0.1\maven-common-artifact-filters-3.0.1.jar;C:\Users\eohay\.m2\repository\org\apache\maven\maven-model\3.0\maven-model-3.0.jar;C:\Users\eohay\.m2\repository\org\apache\maven\maven-plugin-api\3.0\maven-plugin-api-3.0.jar;C:\Users\eohay\.m2\repository\org\sonatype\sisu\sisu-inject-plexus\1.4.2\sisu-inject-plexus-1.4.2.jar;C:\Users\eohay\.m2\repository\org\codehaus\plexus\plexus-classworlds\2.2.3\plexus-classworlds-2.2.3.jar;C:\Users\eohay\.m2\repository\org\sonatype\sisu\sisu-inject-bean\1.4.2\sisu-inject-bean-1.4.2.jar;C:\Users\eohay\.m2\repository\org\sonatype\sisu\sisu-guice\2.1.7\sisu-guice-2.1.7-noaop.jar;C:\Users\eohay\.m2\repository\org\apache\maven\shared\maven-shared-utils\3.1.0\maven-shared-utils-3.1.0.jar;C:\Users\eohay\.m2\repository\commons-io\commons-io\2.5\commons-io-2.5.jar;C:\Users\eohay\.m2\repository\commons-codec\commons-codec\1.11\commons-codec-1.11.jar;C:\Users\eohay\.m2\repository\org\codehaus\plexus\plexus-java\1.0.5\plexus-java-1.0.5.jar;C:\Users\eohay\.m2\repository\org\ow2\asm\asm\7.2\asm-7.2.jar;C:\Users\eohay\.m2\repository\com\thoughtworks\qdox\qdox\2.0-M9\qdox-2.0-M9.jar;C:\Users\eohay\.m2\repository\org\apache\maven\surefire\surefire-shared-utils\3.0.0-M4\surefire-shared-utils-3.0.0-M4.jar;C:\Users\eohay\.m2\repository\org\apache\logging\log4j\log4j-api\2.19.0\log4j-api-2.19.0.jar;C:\Users\eohay\.m2\repository\org\apache\logging\log4j\log4j-core\2.19.0\log4j-core-2.19.0.jar;"/>
    <property name="java.vm.vendor" value="Oracle Corporation"/>
    <property name="sun.arch.data.model" value="64"/>
    <property name="user.variant" value=""/>
    <property name="java.vendor.url" value="https://openjdk.java.net/"/>
    <property name="user.timezone" value="America/New_York"/>
    <property name="java.vm.specification.version" value="11"/>
    <property name="os.name" value="Windows 10"/>
    <property name="sun.java.launcher" value="SUN_STANDARD"/>
    <property name="user.country" value="US"/>
    <property name="sun.boot.library.path" value="C:\Program Files\Java\jdk-11.0.12\bin"/>
    <property name="sun.java.command" value="C:\Users\eohay\AppData\Local\Temp\surefire8411265585111000067\surefirebooter9613651959200404661.jar C:\Users\eohay\AppData\Local\Temp\surefire8411265585111000067 2023-01-30T22-43-39_495-jvmRun1 surefire8368044985406034553tmp surefire_017764947629877972755tmp"/>
    <property name="jdk.debug" value="release"/>
    <property name="surefire.test.class.path" value="C:\Users\eohay\OneDrive\College Work\Git Stuffs\Ohayon_Elad_9042333899\DesignAndAnalysis\assignments\FindMinyan\target\test-classes;C:\Users\eohay\OneDrive\College Work\Git Stuffs\Ohayon_Elad_9042333899\DesignAndAnalysis\assignments\FindMinyan\target\classes;C:\Users\eohay\.m2\repository\org\junit\jupiter\junit-jupiter-api\5.8.1\junit-jupiter-api-5.8.1.jar;C:\Users\eohay\.m2\repository\org\opentest4j\opentest4j\1.2.0\opentest4j-1.2.0.jar;C:\Users\eohay\.m2\repository\org\junit\platform\junit-platform-commons\1.8.1\junit-platform-commons-1.8.1.jar;C:\Users\eohay\.m2\repository\org\apiguardian\apiguardian-api\1.1.2\apiguardian-api-1.1.2.jar;C:\Users\eohay\.m2\repository\org\junit\jupiter\junit-jupiter-engine\5.8.1\junit-jupiter-engine-5.8.1.jar;C:\Users\eohay\.m2\repository\org\junit\platform\junit-platform-engine\1.8.1\junit-platform-engine-1.8.1.jar;C:\Users\eohay\.m2\repository\junit\junit\4.13\junit-4.13.jar;C:\Users\eohay\.m2\repository\org\hamcrest\hamcrest-core\1.3\hamcrest-core-1.3.jar;C:\Users\eohay\.m2\repository\org\junit\vintage\junit-vintage-engine\5.8.1\junit-vintage-engine-5.8.1.jar;C:\Users\eohay\.m2\repository\org\junit\jupiter\junit-jupiter-params\5.8.1\junit-jupiter-params-5.8.1.jar;C:\Users\eohay\.m2\repository\org\apache\maven\plugins\maven-surefire-plugin\3.0.0-M5\maven-surefire-plugin-3.0.0-M5.jar;C:\Users\eohay\.m2\repository\org\apache\maven\surefire\maven-surefire-common\3.0.0-M5\maven-surefire-common-3.0.0-M5.jar;C:\Users\eohay\.m2\repository\org\apache\maven\surefire\surefire-api\3.0.0-M5\surefire-api-3.0.0-M5.jar;C:\Users\eohay\.m2\repository\org\apache\maven\surefire\surefire-logger-api\3.0.0-M5\surefire-logger-api-3.0.0-M5.jar;C:\Users\eohay\.m2\repository\org\apache\maven\surefire\surefire-extensions-api\3.0.0-M5\surefire-extensions-api-3.0.0-M5.jar;C:\Users\eohay\.m2\repository\org\apache\maven\surefire\surefire-booter\3.0.0-M5\surefire-booter-3.0.0-M5.jar;C:\Users\eohay\.m2\repository\org\apache\maven\surefire\surefire-extensions-spi\3.0.0-M5\surefire-extensions-spi-3.0.0-M5.jar;C:\Users\eohay\.m2\repository\org\apache\maven\maven-toolchain\3.0-alpha-2\maven-toolchain-3.0-alpha-2.jar;C:\Users\eohay\.m2\repository\org\apache\maven\shared\maven-artifact-transfer\0.11.0\maven-artifact-transfer-0.11.0.jar;C:\Users\eohay\.m2\repository\org\apache\maven\shared\maven-common-artifact-filters\3.0.1\maven-common-artifact-filters-3.0.1.jar;C:\Users\eohay\.m2\repository\org\apache\maven\maven-model\3.0\maven-model-3.0.jar;C:\Users\eohay\.m2\repository\org\apache\maven\maven-plugin-api\3.0\maven-plugin-api-3.0.jar;C:\Users\eohay\.m2\repository\org\sonatype\sisu\sisu-inject-plexus\1.4.2\sisu-inject-plexus-1.4.2.jar;C:\Users\eohay\.m2\repository\org\codehaus\plexus\plexus-classworlds\2.2.3\plexus-classworlds-2.2.3.jar;C:\Users\eohay\.m2\repository\org\sonatype\sisu\sisu-inject-bean\1.4.2\sisu-inject-bean-1.4.2.jar;C:\Users\eohay\.m2\repository\org\sonatype\sisu\sisu-guice\2.1.7\sisu-guice-2.1.7-noaop.jar;C:\Users\eohay\.m2\repository\org\apache\maven\shared\maven-shared-utils\3.1.0\maven-shared-utils-3.1.0.jar;C:\Users\eohay\.m2\repository\commons-io\commons-io\2.5\commons-io-2.5.jar;C:\Users\eohay\.m2\repository\commons-codec\commons-codec\1.11\commons-codec-1.11.jar;C:\Users\eohay\.m2\repository\org\codehaus\plexus\plexus-java\1.0.5\plexus-java-1.0.5.jar;C:\Users\eohay\.m2\repository\org\ow2\asm\asm\7.2\asm-7.2.jar;C:\Users\eohay\.m2\repository\com\thoughtworks\qdox\qdox\2.0-M9\qdox-2.0-M9.jar;C:\Users\eohay\.m2\repository\org\apache\maven\surefire\surefire-shared-utils\3.0.0-M4\surefire-shared-utils-3.0.0-M4.jar;C:\Users\eohay\.m2\repository\org\apache\logging\log4j\log4j-api\2.19.0\log4j-api-2.19.0.jar;C:\Users\eohay\.m2\repository\org\apache\logging\log4j\log4j-core\2.19.0\log4j-core-2.19.0.jar;"/>
    <property name="sun.cpu.endian" value="little"/>
    <property name="user.home" value="C:\Users\eohay"/>
    <property name="user.language" value="en"/>
    <property name="java.specification.vendor" value="Oracle Corporation"/>
    <property name="java.version.date" value="2021-07-20"/>
    <property name="java.home" value="C:\Program Files\Java\jdk-11.0.12"/>
    <property name="file.separator" value="\"/>
    <property name="basedir" value="C:\Users\eohay\OneDrive\College Work\Git Stuffs\Ohayon_Elad_9042333899\DesignAndAnalysis\assignments\FindMinyan"/>
    <property name="java.vm.compressedOopsMode" value="Zero based"/>
    <property name="line.separator" value="&#10;"/>
    <property name="java.specification.name" value="Java Platform API Specification"/>
    <property name="java.vm.specification.vendor" value="Oracle Corporation"/>
    <property name="java.awt.graphicsenv" value="sun.awt.Win32GraphicsEnvironment"/>
    <property name="surefire.real.class.path" value="C:\Users\eohay\AppData\Local\Temp\surefire8411265585111000067\surefirebooter9613651959200404661.jar"/>
    <property name="user.script" value=""/>
    <property name="sun.management.compiler" value="HotSpot 64-Bit Tiered Compilers"/>
    <property name="java.runtime.version" value="11.0.12+8-LTS-237"/>
    <property name="user.name" value="eohay"/>
    <property name="path.separator" value=";"/>
    <property name="os.version" value="10.0"/>
    <property name="java.runtime.name" value="Java(TM) SE Runtime Environment"/>
    <property name="file.encoding" value="Cp1252"/>
    <property name="java.vm.name" value="Java HotSpot(TM) 64-Bit Server VM"/>
    <property name="java.vendor.version" value="18.9"/>
    <property name="localRepository" value="C:\Users\eohay\.m2\repository"/>
    <property name="java.vendor.url.bug" value="https://bugreport.java.com/bugreport/"/>
    <property name="java.io.tmpdir" value="C:\Users\eohay\AppData\Local\Temp\"/>
    <property name="java.version" value="11.0.12"/>
    <property name="user.dir" value="C:\Users\eohay\OneDrive\College Work\Git Stuffs\Ohayon_Elad_9042333899\DesignAndAnalysis\assignments\FindMinyan"/>
    <property name="os.arch" value="amd64"/>
    <property name="java.vm.specification.name" value="Java Virtual Machine Specification"/>
    <property name="java.awt.printerjob" value="sun.awt.windows.WPrinterJob"/>
    <property name="sun.os.patch.level" value=""/>
    <property name="java.library.path" value="C:\Program Files\Java\jdk-11.0.12\bin;C:\WINDOWS\Sun\Java\bin;C:\WINDOWS\system32;C:\WINDOWS;C:\Program Files\Common Files\Oracle\Java\javapath;C:\Windows\system32;C:\Windows;C:\Windows\System32\Wbem;C:\Windows\System32\WindowsPowerShell\v1.0\;C:\Windows\System32\OpenSSH\;C:\Program Files (x86)\NVIDIA Corporation\PhysX\Common;C:\Program Files\NVIDIA Corporation\NVIDIA NvDLISR;C:\WINDOWS\system32;C:\WINDOWS;C:\WINDOWS\System32\Wbem;C:\WINDOWS\System32\WindowsPowerShell\v1.0\;C:\WINDOWS\System32\OpenSSH\;C:\Program Files\Git\cmd;C:\Users\eohay\AppData\Local\Programs\Python\Python310\Scripts\;C:\Users\eohay\AppData\Local\Programs\Python\Python310\;C:\Users\eohay\AppData\Local\Microsoft\WindowsApps;c:\users\eohay\appdata\local\programs\python\python310\lib\site-packages;."/>
    <property name="java.vendor" value="Oracle Corporation"/>
    <property name="java.vm.info" value="mixed mode"/>
    <property name="java.vm.version" value="11.0.12+8-LTS-237"/>
    <property name="sun.io.unicode.encoding" value="UnicodeLittle"/>
    <property name="java.class.version" value="55.0"/>
  </properties>
  <testcase name="TestBackTrack" classname="edu.yu.da.FindMinyanTest" time="0.024"/>
  <testcase name="haveToPassThroughOnePoin12" classname="edu.yu.da.FindMinyanTest" time="0"/>
  <testcase name="haveToPassThroughOnePoin13" classname="edu.yu.da.FindMinyanTest" time="0.001"/>
  <testcase name="TestBFs2" classname="edu.yu.da.FindMinyanTest" time="0.001"/>
  <testcase name="TestChoosesShortestPath" classname="edu.yu.da.FindMinyanTest" time="0.001"/>
  <testcase name="NoSolutionTestDueToNoMinyan" classname="edu.yu.da.FindMinyanTest" time="0.001"/>
  <testcase name="singleLengthPath" classname="edu.yu.da.FindMinyanTest" time="0.001"/>
  <testcase name="NeedPossibleBackTrackButDOntUseIt" classname="edu.yu.da.FindMinyanTest" time="0.001"/>
  <testcase name="testBackTrackMiddle2" classname="edu.yu.da.FindMinyanTest" time="0.001"/>
  <testcase name="testBackTrackMiddle3" classname="edu.yu.da.FindMinyanTest" time="0.001"/>
  <testcase name="testBackTrackMiddle4" classname="edu.yu.da.FindMinyanTest" time="0.001"/>
  <testcase name="testBackTrackMiddle5" classname="edu.yu.da.FindMinyanTest" time="0.001"/>
  <testcase name="testBackTrackMiddle6" classname="edu.yu.da.FindMinyanTest" time="0"/>
  <testcase name="notesTest1" classname="edu.yu.da.FindMinyanTest" time="0"/>
  <testcase name="notesTest2" classname="edu.yu.da.FindMinyanTest" time="0"/>
  <testcase name="TESTALLTHESame2" classname="edu.yu.da.FindMinyanTest" time="0.001"/>
  <testcase name="TestBFS3EvenPathsOneLonger" classname="edu.yu.da.FindMinyanTest" time="0.001"/>
  <testcase name="testBackTrackMiddle" classname="edu.yu.da.FindMinyanTest" time="0"/>
  <testcase name="testAddHighWayArgs" classname="edu.yu.da.FindMinyanTest" time="0.003"/>
  <testcase name="havingtoBackTrack" classname="edu.yu.da.FindMinyanTest" time="0"/>
  <testcase name="failAddingDuplicate" classname="edu.yu.da.FindMinyanTest" time="0"/>
  <testcase name="TestBFs" classname="edu.yu.da.FindMinyanTest" time="0"/>
  <testcase name="NeedtoBackTrackOnceInBeginningEvenThoughClearPath" classname="edu.yu.da.FindMinyanTest" time="0"/>
  <testcase name="havingtoBackTrackWith0" classname="edu.yu.da.FindMinyanTest" time="0"/>
  <testcase name="testTriangleStructure" classname="edu.yu.da.FindMinyanTest" time="0.001"/>
  <testcase name="haveToPassThroughOnePoint" classname="edu.yu.da.FindMinyanTest" time="0.001"/>
  <testcase name="testFindMinyanConstructorInvalidArgs" classname="edu.yu.da.FindMinyanTest" time="0.001"/>
  <testcase name="TESTALLTHESame" classname="edu.yu.da.FindMinyanTest" time="0.001"/>
</testsuite>